<?xml version="1.0" encoding="UTF-8"?>
<testsuite xmlns:xsi="http://www.w3.org/2001/XMLSchema-instance" xsi:noNamespaceSchemaLocation="https://maven.apache.org/surefire/maven-surefire-plugin/xsd/surefire-test-report-3.0.xsd" version="3.0" name="TestSuite" time="32.221" tests="40" errors="0" skipped="0" failures="7">
  <properties>
    <property name="sun.desktop" value="windows"/>
    <property name="awt.toolkit" value="sun.awt.windows.WToolkit"/>
    <property name="java.specification.version" value="11"/>
    <property name="sun.cpu.isalist" value="amd64"/>
    <property name="sun.jnu.encoding" value="Cp1252"/>
    <property name="java.class.path" value="D:\RameshShoft_Ramu\ApitestingRestAssuered\target\test-classes;D:\RameshShoft_Ramu\ApitestingRestAssuered\target\classes;C:\Users\lenovo\.m2\repository\io\rest-assured\rest-assured\3.3.0\rest-assured-3.3.0.jar;C:\Users\lenovo\.m2\repository\org\codehaus\groovy\groovy\2.4.15\groovy-2.4.15.jar;C:\Users\lenovo\.m2\repository\org\codehaus\groovy\groovy-xml\2.4.15\groovy-xml-2.4.15.jar;C:\Users\lenovo\.m2\repository\org\apache\httpcomponents\httpclient\4.5.3\httpclient-4.5.3.jar;C:\Users\lenovo\.m2\repository\org\apache\httpcomponents\httpcore\4.4.6\httpcore-4.4.6.jar;C:\Users\lenovo\.m2\repository\commons-logging\commons-logging\1.2\commons-logging-1.2.jar;C:\Users\lenovo\.m2\repository\org\apache\httpcomponents\httpmime\4.5.3\httpmime-4.5.3.jar;C:\Users\lenovo\.m2\repository\org\hamcrest\hamcrest-core\1.3\hamcrest-core-1.3.jar;C:\Users\lenovo\.m2\repository\org\hamcrest\hamcrest-library\1.3\hamcrest-library-1.3.jar;C:\Users\lenovo\.m2\repository\org\ccil\cowan\tagsoup\tagsoup\1.2.1\tagsoup-1.2.1.jar;C:\Users\lenovo\.m2\repository\io\rest-assured\json-path\3.3.0\json-path-3.3.0.jar;C:\Users\lenovo\.m2\repository\org\codehaus\groovy\groovy-json\2.4.15\groovy-json-2.4.15.jar;C:\Users\lenovo\.m2\repository\io\rest-assured\rest-assured-common\3.3.0\rest-assured-common-3.3.0.jar;C:\Users\lenovo\.m2\repository\io\rest-assured\xml-path\3.3.0\xml-path-3.3.0.jar;C:\Users\lenovo\.m2\repository\org\apache\commons\commons-lang3\3.4\commons-lang3-3.4.jar;C:\Users\lenovo\.m2\repository\javax\xml\bind\jaxb-api\2.2.12\jaxb-api-2.2.12.jar;C:\Users\lenovo\.m2\repository\com\sun\xml\bind\jaxb-osgi\2.2.10\jaxb-osgi-2.2.10.jar;C:\Users\lenovo\.m2\repository\org\apache\sling\org.apache.sling.javax.activation\0.1.0\org.apache.sling.javax.activation-0.1.0.jar;C:\Users\lenovo\.m2\repository\javax\activation\activation\1.1.1\activation-1.1.1.jar;C:\Users\lenovo\.m2\repository\org\testng\testng\6.14.3\testng-6.14.3.jar;C:\Users\lenovo\.m2\repository\com\beust\jcommander\1.72\jcommander-1.72.jar;C:\Users\lenovo\.m2\repository\org\apache-extras\beanshell\bsh\2.0b6\bsh-2.0b6.jar;C:\Users\lenovo\.m2\repository\com\googlecode\json-simple\json-simple\1.1.1\json-simple-1.1.1.jar;C:\Users\lenovo\.m2\repository\junit\junit\4.10\junit-4.10.jar;C:\Users\lenovo\.m2\repository\org\apache\poi\poi\5.1.0\poi-5.1.0.jar;C:\Users\lenovo\.m2\repository\commons-codec\commons-codec\1.15\commons-codec-1.15.jar;C:\Users\lenovo\.m2\repository\org\apache\commons\commons-collections4\4.4\commons-collections4-4.4.jar;C:\Users\lenovo\.m2\repository\org\apache\commons\commons-math3\3.6.1\commons-math3-3.6.1.jar;C:\Users\lenovo\.m2\repository\commons-io\commons-io\2.11.0\commons-io-2.11.0.jar;C:\Users\lenovo\.m2\repository\com\zaxxer\SparseBitSet\1.2\SparseBitSet-1.2.jar;C:\Users\lenovo\.m2\repository\org\apache\poi\poi-ooxml\5.1.0\poi-ooxml-5.1.0.jar;C:\Users\lenovo\.m2\repository\org\apache\poi\poi-ooxml-lite\5.1.0\poi-ooxml-lite-5.1.0.jar;C:\Users\lenovo\.m2\repository\org\apache\xmlbeans\xmlbeans\5.0.2\xmlbeans-5.0.2.jar;C:\Users\lenovo\.m2\repository\org\apache\commons\commons-compress\1.21\commons-compress-1.21.jar;C:\Users\lenovo\.m2\repository\com\github\virtuald\curvesapi\1.06\curvesapi-1.06.jar;C:\Users\lenovo\.m2\repository\com\aventstack\extentreports\4.0.9\extentreports-4.0.9.jar;C:\Users\lenovo\.m2\repository\org\freemarker\freemarker\2.3.23\freemarker-2.3.23.jar;C:\Users\lenovo\.m2\repository\org\mongodb\mongodb-driver\3.3.0\mongodb-driver-3.3.0.jar;C:\Users\lenovo\.m2\repository\org\mongodb\mongodb-driver-core\3.3.0\mongodb-driver-core-3.3.0.jar;C:\Users\lenovo\.m2\repository\org\mongodb\bson\3.3.0\bson-3.3.0.jar;C:\Users\lenovo\.m2\repository\com\google\code\gson\gson\2.8.5\gson-2.8.5.jar;C:\Users\lenovo\.m2\repository\org\apache\logging\log4j\log4j-core\2.14.1\log4j-core-2.14.1.jar;C:\Users\lenovo\.m2\repository\org\apache\logging\log4j\log4j-api\2.14.1\log4j-api-2.14.1.jar;"/>
    <property name="java.vm.vendor" value="Oracle Corporation"/>
    <property name="sun.arch.data.model" value="64"/>
    <property name="user.variant" value=""/>
    <property name="java.vendor.url" value="https://openjdk.java.net/"/>
    <property name="user.timezone" value="Asia/Calcutta"/>
    <property name="java.vm.specification.version" value="11"/>
    <property name="os.name" value="Windows 10"/>
    <property name="sun.java.launcher" value="SUN_STANDARD"/>
    <property name="user.country" value="US"/>
    <property name="sun.boot.library.path" value="C:\Program Files\Java\jdk-11.0.13\bin"/>
    <property name="sun.java.command" value="C:\Users\lenovo\AppData\Local\Temp\surefire966008282212182090\surefirebooter13532244871753099138.jar C:\Users\lenovo\AppData\Local\Temp\surefire966008282212182090 2022-08-01T19-11-35_100-jvmRun1 surefire16064189820319342659tmp surefire_017250045474568804335tmp"/>
    <property name="jdk.debug" value="release"/>
    <property name="surefire.test.class.path" value="D:\RameshShoft_Ramu\ApitestingRestAssuered\target\test-classes;D:\RameshShoft_Ramu\ApitestingRestAssuered\target\classes;C:\Users\lenovo\.m2\repository\io\rest-assured\rest-assured\3.3.0\rest-assured-3.3.0.jar;C:\Users\lenovo\.m2\repository\org\codehaus\groovy\groovy\2.4.15\groovy-2.4.15.jar;C:\Users\lenovo\.m2\repository\org\codehaus\groovy\groovy-xml\2.4.15\groovy-xml-2.4.15.jar;C:\Users\lenovo\.m2\repository\org\apache\httpcomponents\httpclient\4.5.3\httpclient-4.5.3.jar;C:\Users\lenovo\.m2\repository\org\apache\httpcomponents\httpcore\4.4.6\httpcore-4.4.6.jar;C:\Users\lenovo\.m2\repository\commons-logging\commons-logging\1.2\commons-logging-1.2.jar;C:\Users\lenovo\.m2\repository\org\apache\httpcomponents\httpmime\4.5.3\httpmime-4.5.3.jar;C:\Users\lenovo\.m2\repository\org\hamcrest\hamcrest-core\1.3\hamcrest-core-1.3.jar;C:\Users\lenovo\.m2\repository\org\hamcrest\hamcrest-library\1.3\hamcrest-library-1.3.jar;C:\Users\lenovo\.m2\repository\org\ccil\cowan\tagsoup\tagsoup\1.2.1\tagsoup-1.2.1.jar;C:\Users\lenovo\.m2\repository\io\rest-assured\json-path\3.3.0\json-path-3.3.0.jar;C:\Users\lenovo\.m2\repository\org\codehaus\groovy\groovy-json\2.4.15\groovy-json-2.4.15.jar;C:\Users\lenovo\.m2\repository\io\rest-assured\rest-assured-common\3.3.0\rest-assured-common-3.3.0.jar;C:\Users\lenovo\.m2\repository\io\rest-assured\xml-path\3.3.0\xml-path-3.3.0.jar;C:\Users\lenovo\.m2\repository\org\apache\commons\commons-lang3\3.4\commons-lang3-3.4.jar;C:\Users\lenovo\.m2\repository\javax\xml\bind\jaxb-api\2.2.12\jaxb-api-2.2.12.jar;C:\Users\lenovo\.m2\repository\com\sun\xml\bind\jaxb-osgi\2.2.10\jaxb-osgi-2.2.10.jar;C:\Users\lenovo\.m2\repository\org\apache\sling\org.apache.sling.javax.activation\0.1.0\org.apache.sling.javax.activation-0.1.0.jar;C:\Users\lenovo\.m2\repository\javax\activation\activation\1.1.1\activation-1.1.1.jar;C:\Users\lenovo\.m2\repository\org\testng\testng\6.14.3\testng-6.14.3.jar;C:\Users\lenovo\.m2\repository\com\beust\jcommander\1.72\jcommander-1.72.jar;C:\Users\lenovo\.m2\repository\org\apache-extras\beanshell\bsh\2.0b6\bsh-2.0b6.jar;C:\Users\lenovo\.m2\repository\com\googlecode\json-simple\json-simple\1.1.1\json-simple-1.1.1.jar;C:\Users\lenovo\.m2\repository\junit\junit\4.10\junit-4.10.jar;C:\Users\lenovo\.m2\repository\org\apache\poi\poi\5.1.0\poi-5.1.0.jar;C:\Users\lenovo\.m2\repository\commons-codec\commons-codec\1.15\commons-codec-1.15.jar;C:\Users\lenovo\.m2\repository\org\apache\commons\commons-collections4\4.4\commons-collections4-4.4.jar;C:\Users\lenovo\.m2\repository\org\apache\commons\commons-math3\3.6.1\commons-math3-3.6.1.jar;C:\Users\lenovo\.m2\repository\commons-io\commons-io\2.11.0\commons-io-2.11.0.jar;C:\Users\lenovo\.m2\repository\com\zaxxer\SparseBitSet\1.2\SparseBitSet-1.2.jar;C:\Users\lenovo\.m2\repository\org\apache\poi\poi-ooxml\5.1.0\poi-ooxml-5.1.0.jar;C:\Users\lenovo\.m2\repository\org\apache\poi\poi-ooxml-lite\5.1.0\poi-ooxml-lite-5.1.0.jar;C:\Users\lenovo\.m2\repository\org\apache\xmlbeans\xmlbeans\5.0.2\xmlbeans-5.0.2.jar;C:\Users\lenovo\.m2\repository\org\apache\commons\commons-compress\1.21\commons-compress-1.21.jar;C:\Users\lenovo\.m2\repository\com\github\virtuald\curvesapi\1.06\curvesapi-1.06.jar;C:\Users\lenovo\.m2\repository\com\aventstack\extentreports\4.0.9\extentreports-4.0.9.jar;C:\Users\lenovo\.m2\repository\org\freemarker\freemarker\2.3.23\freemarker-2.3.23.jar;C:\Users\lenovo\.m2\repository\org\mongodb\mongodb-driver\3.3.0\mongodb-driver-3.3.0.jar;C:\Users\lenovo\.m2\repository\org\mongodb\mongodb-driver-core\3.3.0\mongodb-driver-core-3.3.0.jar;C:\Users\lenovo\.m2\repository\org\mongodb\bson\3.3.0\bson-3.3.0.jar;C:\Users\lenovo\.m2\repository\com\google\code\gson\gson\2.8.5\gson-2.8.5.jar;C:\Users\lenovo\.m2\repository\org\apache\logging\log4j\log4j-core\2.14.1\log4j-core-2.14.1.jar;C:\Users\lenovo\.m2\repository\org\apache\logging\log4j\log4j-api\2.14.1\log4j-api-2.14.1.jar;"/>
    <property name="sun.cpu.endian" value="little"/>
    <property name="user.home" value="C:\Users\lenovo"/>
    <property name="user.language" value="en"/>
    <property name="java.specification.vendor" value="Oracle Corporation"/>
    <property name="java.version.date" value="2021-10-19"/>
    <property name="java.home" value="C:\Program Files\Java\jdk-11.0.13"/>
    <property name="file.separator" value="\"/>
    <property name="basedir" value="D:\RameshShoft_Ramu\ApitestingRestAssuered"/>
    <property name="java.vm.compressedOopsMode" value="32-bit"/>
    <property name="line.separator" value="&#10;"/>
    <property name="java.specification.name" value="Java Platform API Specification"/>
    <property name="java.vm.specification.vendor" value="Oracle Corporation"/>
    <property name="java.awt.graphicsenv" value="sun.awt.Win32GraphicsEnvironment"/>
    <property name="surefire.real.class.path" value="C:\Users\lenovo\AppData\Local\Temp\surefire966008282212182090\surefirebooter13532244871753099138.jar"/>
    <property name="user.script" value=""/>
    <property name="sun.management.compiler" value="HotSpot 64-Bit Tiered Compilers"/>
    <property name="java.runtime.version" value="11.0.13+10-LTS-370"/>
    <property name="user.name" value="lenovo"/>
    <property name="path.separator" value=";"/>
    <property name="os.version" value="10.0"/>
    <property name="java.runtime.name" value="Java(TM) SE Runtime Environment"/>
    <property name="file.encoding" value="Cp1252"/>
    <property name="java.vm.name" value="Java HotSpot(TM) 64-Bit Server VM"/>
    <property name="java.vendor.version" value="18.9"/>
    <property name="localRepository" value="C:\Users\lenovo\.m2\repository"/>
    <property name="java.vendor.url.bug" value="https://bugreport.java.com/bugreport/"/>
    <property name="java.io.tmpdir" value="C:\Users\lenovo\AppData\Local\Temp\"/>
    <property name="java.version" value="11.0.13"/>
    <property name="user.dir" value="D:\RameshShoft_Ramu\ApitestingRestAssuered"/>
    <property name="os.arch" value="amd64"/>
    <property name="java.vm.specification.name" value="Java Virtual Machine Specification"/>
    <property name="java.awt.printerjob" value="sun.awt.windows.WPrinterJob"/>
    <property name="sun.os.patch.level" value=""/>
    <property name="java.library.path" value="C:\Program Files\Java\jdk-11.0.13\bin;C:\Windows\Sun\Java\bin;C:\Windows\system32;C:\Windows;C:\Program Files\Common Files\Oracle\Java\javapath;C:\Program Files (x86)\Common Files\Oracle\Java\javapath;C:\Program Files\Java\jdk-11.0.13\bin;C:\Users\lenovo\Downloads\apache-maven-3.8.3-bin\\bin;C:\Users\lenovo\Downloads\apache-maven-3.8.3-bin\;C:\Users\lenovo\AppData\Local\Android\Sdk\tools;C:\Users\lenovo\AppData\Local\Android\Sdk\tools\bin;C:\Users\lenovo\AppData\Local\Android\Sdk\platform-tools;C:\Users\lenovo\AppData\Local\Android\Sdk\build-tools;C:\Program Files\Android\Android Studio\bin;C:\Program Files\nodejs\;C:\Users\lenovo\Downloads\apache-maven-3.8.3-bin\apache-maven-3.8.3\bin;C:\Users\lenovo\AppData\Roaming\npm;."/>
    <property name="java.vendor" value="Oracle Corporation"/>
    <property name="java.vm.info" value="mixed mode"/>
    <property name="java.vm.version" value="11.0.13+10-LTS-370"/>
    <property name="sun.io.unicode.encoding" value="UnicodeLittle"/>
    <property name="java.class.version" value="55.0"/>
  </properties>
  <testcase name="checkContent_Type" classname="com.restassured.testcases.TC001_Get_ALLempolyees" time="0.003">
    <system-out><![CDATA[[TestNGContentHandler] [WARN] It is strongly recommended to add "<!DOCTYPE suite SYSTEM "http://testng.org/testng-1.0.dtd" >" at the top of your file, otherwise TestNG may fail or not work as expected.
]]></system-out>
  </testcase>
  <testcase name="checkCookies" classname="com.restassured.testcases.TC001_Get_ALLempolyees" time="0.03">
    <failure message="expected:&lt;null&gt; but was:&lt;d2a7ab80-f7be-44cc-589e-576e3bbdab82&gt;" type="junit.framework.ComparisonFailure"><![CDATA[junit.framework.ComparisonFailure: expected:<null> but was:<d2a7ab80-f7be-44cc-589e-576e3bbdab82>
	at com.restassured.testcases.TC001_Get_ALLempolyees.checkCookies(TC001_Get_ALLempolyees.java:99)
]]></failure>
  </testcase>
  <testcase name="checkServer_Type" classname="com.restassured.testcases.TC001_Get_ALLempolyees" time="0.001"/>
  <testcase name="checkStatusCode" classname="com.restassured.testcases.TC001_Get_ALLempolyees" time="0"/>
  <testcase name="checkStatusLine" classname="com.restassured.testcases.TC001_Get_ALLempolyees" time="0.001"/>
  <testcase name="checkcontent_Encoding" classname="com.restassured.testcases.TC001_Get_ALLempolyees" time="0"/>
  <testcase name="checkcontent_Length" classname="com.restassured.testcases.TC001_Get_ALLempolyees" time="0.002">
    <failure type="junit.framework.AssertionFailedError"><![CDATA[junit.framework.AssertionFailedError
	at com.restassured.testcases.TC001_Get_ALLempolyees.checkcontent_Length(TC001_Get_ALLempolyees.java:90)
]]></failure>
  </testcase>
  <testcase name="checkresponceBody" classname="com.restassured.testcases.TC001_Get_ALLempolyees" time="0.031"/>
  <testcase name="checkresponceTime" classname="com.restassured.testcases.TC001_Get_ALLempolyees" time="0.001">
    <failure type="junit.framework.AssertionFailedError"><![CDATA[junit.framework.AssertionFailedError
	at com.restassured.testcases.TC001_Get_ALLempolyees.checkresponceTime(TC001_Get_ALLempolyees.java:45)
]]></failure>
  </testcase>
  <testcase name="checkContent_Type" classname="com.restassured.testcases.TC002_Get_Single_empolyees" time="0.001"/>
  <testcase name="checkServer_Type" classname="com.restassured.testcases.TC002_Get_Single_empolyees" time="0.007"/>
  <testcase name="checkStatusCode" classname="com.restassured.testcases.TC002_Get_Single_empolyees" time="0.001"/>
  <testcase name="checkStatusLine" classname="com.restassured.testcases.TC002_Get_Single_empolyees" time="0"/>
  <testcase name="checkcontent_Length" classname="com.restassured.testcases.TC002_Get_Single_empolyees" time="0"/>
  <testcase name="checkresponceBody" classname="com.restassured.testcases.TC002_Get_Single_empolyees" time="0.003">
    <failure message="expected:&lt;false&gt; but was:&lt;true&gt;" type="junit.framework.AssertionFailedError"><![CDATA[junit.framework.AssertionFailedError: expected:<false> but was:<true>
	at com.restassured.testcases.TC002_Get_Single_empolyees.checkresponceBody(TC002_Get_Single_empolyees.java:28)
]]></failure>
  </testcase>
  <testcase name="checkresponceTime" classname="com.restassured.testcases.TC002_Get_Single_empolyees" time="0.001"/>
  <testcase name="UpdateEmployee" classname="com.restassured.testcases.TC004_put_Empolyees_Record" time="5.781"/>
  <testcase name="checkContent_Type" classname="com.restassured.testcases.TC004_put_Empolyees_Record" time="0.005"/>
  <testcase name="checkResponseBody" classname="com.restassured.testcases.TC004_put_Empolyees_Record" time="0.002">
    <failure type="java.lang.NullPointerException"><![CDATA[java.lang.NullPointerException
	at com.restassured.testcases.TC004_put_Empolyees_Record.checkResponseBody(TC004_put_Empolyees_Record.java:44)
]]></failure>
  </testcase>
  <testcase name="checkServer_Type" classname="com.restassured.testcases.TC004_put_Empolyees_Record" time="0"/>
  <testcase name="checkStatusCode" classname="com.restassured.testcases.TC004_put_Empolyees_Record" time="0.002"/>
  <testcase name="checkStatusLine" classname="com.restassured.testcases.TC004_put_Empolyees_Record" time="0"/>
  <testcase name="checkcontent_Length" classname="com.restassured.testcases.TC004_put_Empolyees_Record" time="0"/>
  <testcase name="checkresponceTime" classname="com.restassured.testcases.TC004_put_Empolyees_Record" time="0"/>
  <testcase name="checkContent_Type" classname="com.restassured.testcases.TC005_DELETE_Empolyees_Record" time="0"/>
  <testcase name="checkResponseBody" classname="com.restassured.testcases.TC005_DELETE_Empolyees_Record" time="0">
    <failure type="java.lang.NullPointerException"><![CDATA[java.lang.NullPointerException
	at com.restassured.testcases.TC005_DELETE_Empolyees_Record.checkResponseBody(TC005_DELETE_Empolyees_Record.java:41)
]]></failure>
  </testcase>
  <testcase name="checkServer_Type" classname="com.restassured.testcases.TC005_DELETE_Empolyees_Record" time="0"/>
  <testcase name="checkStatusCode" classname="com.restassured.testcases.TC005_DELETE_Empolyees_Record" time="0"/>
  <testcase name="checkStatusLine" classname="com.restassured.testcases.TC005_DELETE_Empolyees_Record" time="0"/>
  <testcase name="checkcontent_Length" classname="com.restassured.testcases.TC005_DELETE_Empolyees_Record" time="0"/>
  <testcase name="checkresponceTime" classname="com.restassured.testcases.TC005_DELETE_Empolyees_Record" time="0"/>
  <testcase name="deleteEmployee" classname="com.restassured.testcases.TC005_DELETE_Empolyees_Record" time="7.386"/>
  <testcase name="checkContent_Type" classname="com.restassured.testcases.TC003_Post_Empolyees_Record" time="0"/>
  <testcase name="checkResponseBody" classname="com.restassured.testcases.TC003_Post_Empolyees_Record" time="0.001">
    <failure type="java.lang.NullPointerException"><![CDATA[java.lang.NullPointerException
	at com.restassured.testcases.TC003_Post_Empolyees_Record.checkResponseBody(TC003_Post_Empolyees_Record.java:44)
]]></failure>
  </testcase>
  <testcase name="checkServer_Type" classname="com.restassured.testcases.TC003_Post_Empolyees_Record" time="0.001"/>
  <testcase name="checkStatusCode" classname="com.restassured.testcases.TC003_Post_Empolyees_Record" time="0"/>
  <testcase name="checkStatusLine" classname="com.restassured.testcases.TC003_Post_Empolyees_Record" time="0"/>
  <testcase name="checkcontent_Length" classname="com.restassured.testcases.TC003_Post_Empolyees_Record" time="0"/>
  <testcase name="checkresponceTime" classname="com.restassured.testcases.TC003_Post_Empolyees_Record" time="0"/>
  <testcase name="createEmployee" classname="com.restassured.testcases.TC003_Post_Empolyees_Record" time="5.972"/>
</testsuite>