<?xml version="1.0" encoding="UTF-8"?>
<!-- Generated by org.testng.reporters.JUnitReportReporter -->
<testsuite hostname="DESKTOP-E9GH2O5" failures="0" tests="1" name="ApitestingRestAssuered.ApitestingRestAssuered.Log4j" time="0.523" errors="0" timestamp="2022-07-30T19:05:58 IST" skipped="0">
  <testcase classname="ApitestingRestAssuered.ApitestingRestAssuered.Log4j" name="log4j" time="0.523"/>
  <system-out/>
</testsuite> <!-- ApitestingRestAssuered.ApitestingRestAssuered.Log4j -->
