<?xml version="1.0" encoding="UTF-8"?>
<!-- Generated by org.testng.reporters.JUnitReportReporter -->
<testsuite hostname="DESKTOP-E9GH2O5" failures="0" tests="3" name="DataDrivenTesing.DatadrivenTest_AddnewEmployee" time="9.229" errors="0" timestamp="29 Jul 2022 13:37:57 GMT" skipped="0">
  <testcase classname="DataDrivenTesing.DatadrivenTest_AddnewEmployee" name="postNewEmployeeDetials" time="4.196"/>
  <testcase classname="DataDrivenTesing.DatadrivenTest_AddnewEmployee" name="postNewEmployeeDetials" time="3.667"/>
  <testcase classname="DataDrivenTesing.DatadrivenTest_AddnewEmployee" name="postNewEmployeeDetials" time="1.366"/>
</testsuite> <!-- DataDrivenTesing.DatadrivenTest_AddnewEmployee -->
