<?xml version="1.0" encoding="UTF-8"?>
<!-- Generated by org.testng.reporters.JUnitReportReporter -->
<testsuite hostname="DESKTOP-E9GH2O5" failures="0" tests="1" name="Apitesting.TC004_GET_Request_PrintAllheaders" time="2.009" errors="0" timestamp="29 Jul 2022 05:40:10 GMT" skipped="0">
  <testcase classname="Apitesting.TC004_GET_Request_PrintAllheaders" name="printAllHeaders" time="2.009"/>
</testsuite> <!-- Apitesting.TC004_GET_Request_PrintAllheaders -->
