<?xml version="1.0" encoding="UTF-8"?>
<!-- Generated by org.testng.reporters.JUnitReportReporter -->
<testsuite hostname="DESKTOP-E9GH2O5" failures="0" tests="1" name="com.restassured.utilities.Demo" time="0.009" errors="0" timestamp="2022-08-01T12:03:46 IST" skipped="0">
  <testcase classname="com.restassured.utilities.Demo" name="demo" time="0.009"/>
  <system-out/>
</testsuite> <!-- com.restassured.utilities.Demo -->
