<?xml version="1.0" encoding="UTF-8"?>
<!-- Generated by org.testng.reporters.JUnitReportReporter -->
<testsuite hostname="DESKTOP-E9GH2O5" failures="0" tests="1" name="Apitesting.TS007_GET_Authorizaation" time="3.063" errors="0" timestamp="29 Jul 2022 08:02:52 GMT" skipped="0">
  <testcase classname="Apitesting.TS007_GET_Authorizaation" name="authenticationTest" time="3.063"/>
</testsuite> <!-- Apitesting.TS007_GET_Authorizaation -->
