<?xml version="1.0" encoding="UTF-8"?>
<!-- Generated by org.testng.reporters.JUnitReportReporter -->
<testsuite hostname="DESKTOP-E9GH2O5" failures="0" tests="1" name="Apitesting.TC002_Post_request" time="4.854" errors="0" timestamp="29 Jul 2022 13:01:04 GMT" skipped="0">
  <testcase classname="Apitesting.TC002_Post_request" name="registrationSuccessful" time="4.854"/>
</testsuite> <!-- Apitesting.TC002_Post_request -->
