<?xml version="1.0" encoding="UTF-8"?>
<!-- Generated by org.testng.reporters.JUnitReportReporter -->
<testsuite hostname="DESKTOP-E9GH2O5" failures="0" tests="1" name="Apitesting.TC005_GET_Validating_Jsonresponsebody" time="2.409" errors="0" timestamp="29 Jul 2022 07:26:45 GMT" skipped="0">
  <testcase classname="Apitesting.TC005_GET_Validating_Jsonresponsebody" name="validating_Jsonresponsebody" time="2.409"/>
</testsuite> <!-- Apitesting.TC005_GET_Validating_Jsonresponsebody -->
