<?xml version="1.0" encoding="UTF-8"?>
<!-- Generated by org.testng.reporters.JUnitReportReporter -->
<testsuite hostname="DESKTOP-E9GH2O5" failures="0" tests="4" name="DataDrivenTesing.DatadrivenTest_AddnewEmployeeExcel" time="11.438" errors="0" timestamp="29 Jul 2022 14:50:02 GMT" skipped="0">
  <testcase classname="DataDrivenTesing.DatadrivenTest_AddnewEmployeeExcel" name="postNewEmployeeDetials" time="2.790"/>
  <testcase classname="DataDrivenTesing.DatadrivenTest_AddnewEmployeeExcel" name="postNewEmployeeDetials" time="5.153"/>
  <testcase classname="DataDrivenTesing.DatadrivenTest_AddnewEmployeeExcel" name="postNewEmployeeDetials" time="0.786"/>
  <testcase classname="DataDrivenTesing.DatadrivenTest_AddnewEmployeeExcel" name="postNewEmployeeDetials" time="2.709"/>
</testsuite> <!-- DataDrivenTesing.DatadrivenTest_AddnewEmployeeExcel -->
